<?xml version="1.0" encoding="UTF-8"?>
<coverage generated="1675278086238" clover="3.2.0">
  <project timestamp="1675278086238" name="All files">
    <metrics statements="38" coveredstatements="38" conditionals="1" coveredconditionals="1" methods="14" coveredmethods="14" elements="53" coveredelements="53" complexity="0" loc="38" ncloc="38" packages="1" files="1" classes="1"/>
    <file name="calculations.ts" path="C:\Users\Facu\Desktop\nexton-challenge-backend\src\utils\calculations.ts">
      <metrics statements="38" coveredstatements="38" conditionals="1" coveredconditionals="1" methods="14" coveredmethods="14"/>
      <line num="1" count="1" type="stmt"/>
      <line num="3" count="8" type="stmt"/>
      <line num="4" count="8" type="stmt"/>
      <line num="5" count="8" type="cond" truecount="1" falsecount="0"/>
      <line num="6" count="3" type="stmt"/>
      <line num="7" count="3" type="stmt"/>
      <line num="9" count="3" type="stmt"/>
      <line num="11" count="3" type="stmt"/>
      <line num="13" count="3" type="stmt"/>
      <line num="15" count="5" type="stmt"/>
      <line num="19" count="1" type="stmt"/>
      <line num="20" count="6" type="stmt"/>
      <line num="21" count="10" type="stmt"/>
      <line num="22" count="6" type="stmt"/>
      <line num="23" count="10" type="stmt"/>
      <line num="24" count="6" type="stmt"/>
      <line num="28" count="1" type="stmt"/>
      <line num="29" count="10" type="stmt"/>
      <line num="30" count="11" type="stmt"/>
      <line num="31" count="10" type="stmt"/>
      <line num="32" count="10" type="stmt"/>
      <line num="33" count="10" type="stmt"/>
      <line num="37" count="1" type="stmt"/>
      <line num="38" count="11" type="stmt"/>
      <line num="39" count="12" type="stmt"/>
      <line num="40" count="11" type="stmt"/>
      <line num="41" count="11" type="stmt"/>
      <line num="42" count="11" type="stmt"/>
      <line num="46" count="1" type="stmt"/>
      <line num="47" count="12" type="stmt"/>
      <line num="48" count="15" type="stmt"/>
      <line num="49" count="12" type="stmt"/>
      <line num="50" count="15" type="stmt"/>
      <line num="51" count="12" type="stmt"/>
      <line num="54" count="1" type="stmt"/>
      <line num="55" count="6" type="stmt"/>
      <line num="56" count="6" type="stmt"/>
      <line num="57" count="6" type="stmt"/>
    </file>
  </project>
</coverage>
