{"C:\\Users\\Facu\\Desktop\\nexton-challenge-backend\\src\\utils\\calculations.ts": {"path":"C:\\Users\\Facu\\Desktop\\nexton-challenge-backend\\src\\utils\\calculations.ts","statementMap":{"0":{"start":{"line":1,"column":35},"end":{"line":16,"column":1}},"1":{"start":{"line":3,"column":19},"end":{"line":3,"column":33}},"2":{"start":{"line":4,"column":20},"end":{"line":4,"column":43}},"3":{"start":{"line":5,"column":4},"end":{"line":14,"column":null}},"4":{"start":{"line":6,"column":8},"end":{"line":12,"column":null}},"5":{"start":{"line":6,"column":21},"end":{"line":6,"column":22}},"6":{"start":{"line":7,"column":22},"end":{"line":7,"column":32}},"7":{"start":{"line":9,"column":23},"end":{"line":9,"column":85}},"8":{"start":{"line":11,"column":12},"end":{"line":11,"column":null}},"9":{"start":{"line":13,"column":8},"end":{"line":13,"column":25}},"10":{"start":{"line":15,"column":4},"end":{"line":15,"column":21}},"11":{"start":{"line":1,"column":13},"end":{"line":1,"column":35}},"12":{"start":{"line":19,"column":18},"end":{"line":25,"column":1}},"13":{"start":{"line":20,"column":30},"end":{"line":20,"column":50}},"14":{"start":{"line":21,"column":26},"end":{"line":21,"column":75}},"15":{"start":{"line":21,"column":57},"end":{"line":21,"column":74}},"16":{"start":{"line":22,"column":25},"end":{"line":22,"column":28}},"17":{"start":{"line":23,"column":19},"end":{"line":23,"column":76}},"18":{"start":{"line":23,"column":53},"end":{"line":23,"column":61}},"19":{"start":{"line":24,"column":4},"end":{"line":24,"column":18}},"20":{"start":{"line":28,"column":19},"end":{"line":34,"column":1}},"21":{"start":{"line":29,"column":30},"end":{"line":29,"column":50}},"22":{"start":{"line":30,"column":26},"end":{"line":30,"column":78}},"23":{"start":{"line":30,"column":57},"end":{"line":30,"column":77}},"24":{"start":{"line":31,"column":25},"end":{"line":31,"column":41}},"25":{"start":{"line":32,"column":19},"end":{"line":32,"column":85}},"26":{"start":{"line":32,"column":62},"end":{"line":32,"column":70}},"27":{"start":{"line":33,"column":4},"end":{"line":33,"column":18}},"28":{"start":{"line":37,"column":22},"end":{"line":43,"column":1}},"29":{"start":{"line":38,"column":30},"end":{"line":38,"column":50}},"30":{"start":{"line":39,"column":26},"end":{"line":39,"column":78}},"31":{"start":{"line":39,"column":57},"end":{"line":39,"column":77}},"32":{"start":{"line":40,"column":25},"end":{"line":40,"column":41}},"33":{"start":{"line":41,"column":19},"end":{"line":41,"column":85}},"34":{"start":{"line":41,"column":62},"end":{"line":41,"column":70}},"35":{"start":{"line":42,"column":4},"end":{"line":42,"column":18}},"36":{"start":{"line":46,"column":22},"end":{"line":52,"column":1}},"37":{"start":{"line":47,"column":27},"end":{"line":47,"column":47}},"38":{"start":{"line":48,"column":23},"end":{"line":48,"column":61}},"39":{"start":{"line":48,"column":54},"end":{"line":48,"column":60}},"40":{"start":{"line":49,"column":22},"end":{"line":49,"column":25}},"41":{"start":{"line":50,"column":16},"end":{"line":50,"column":73}},"42":{"start":{"line":50,"column":50},"end":{"line":50,"column":58}},"43":{"start":{"line":51,"column":1},"end":{"line":51,"column":15}},"44":{"start":{"line":54,"column":33},"end":{"line":58,"column":1}},"45":{"start":{"line":55,"column":27},"end":{"line":55,"column":57}},"46":{"start":{"line":56,"column":19},"end":{"line":56,"column":44}},"47":{"start":{"line":57,"column":4},"end":{"line":57,"column":18}},"48":{"start":{"line":54,"column":13},"end":{"line":54,"column":33}}},"fnMap":{"0":{"name":"(anonymous_0)","decl":{"start":{"line":1,"column":35},"end":{"line":1,"column":36}},"loc":{"start":{"line":1,"column":56},"end":{"line":16,"column":1}}},"1":{"name":"(anonymous_1)","decl":{"start":{"line":19,"column":18},"end":{"line":19,"column":19}},"loc":{"start":{"line":19,"column":39},"end":{"line":25,"column":1}}},"2":{"name":"(anonymous_2)","decl":{"start":{"line":21,"column":48},"end":{"line":21,"column":53}},"loc":{"start":{"line":21,"column":57},"end":{"line":21,"column":74}}},"3":{"name":"(anonymous_3)","decl":{"start":{"line":23,"column":40},"end":{"line":23,"column":41}},"loc":{"start":{"line":23,"column":53},"end":{"line":23,"column":61}}},"4":{"name":"(anonymous_4)","decl":{"start":{"line":28,"column":19},"end":{"line":28,"column":20}},"loc":{"start":{"line":28,"column":40},"end":{"line":34,"column":1}}},"5":{"name":"(anonymous_5)","decl":{"start":{"line":30,"column":48},"end":{"line":30,"column":53}},"loc":{"start":{"line":30,"column":57},"end":{"line":30,"column":77}}},"6":{"name":"(anonymous_6)","decl":{"start":{"line":32,"column":49},"end":{"line":32,"column":50}},"loc":{"start":{"line":32,"column":62},"end":{"line":32,"column":70}}},"7":{"name":"(anonymous_7)","decl":{"start":{"line":37,"column":22},"end":{"line":37,"column":23}},"loc":{"start":{"line":37,"column":43},"end":{"line":43,"column":1}}},"8":{"name":"(anonymous_8)","decl":{"start":{"line":39,"column":48},"end":{"line":39,"column":53}},"loc":{"start":{"line":39,"column":57},"end":{"line":39,"column":77}}},"9":{"name":"(anonymous_9)","decl":{"start":{"line":41,"column":49},"end":{"line":41,"column":50}},"loc":{"start":{"line":41,"column":62},"end":{"line":41,"column":70}}},"10":{"name":"(anonymous_10)","decl":{"start":{"line":46,"column":22},"end":{"line":46,"column":23}},"loc":{"start":{"line":46,"column":43},"end":{"line":52,"column":1}}},"11":{"name":"(anonymous_11)","decl":{"start":{"line":48,"column":45},"end":{"line":48,"column":50}},"loc":{"start":{"line":48,"column":54},"end":{"line":48,"column":60}}},"12":{"name":"(anonymous_12)","decl":{"start":{"line":50,"column":37},"end":{"line":50,"column":38}},"loc":{"start":{"line":50,"column":50},"end":{"line":50,"column":58}}},"13":{"name":"(anonymous_13)","decl":{"start":{"line":54,"column":33},"end":{"line":54,"column":34}},"loc":{"start":{"line":54,"column":54},"end":{"line":58,"column":1}}}},"branchMap":{"0":{"loc":{"start":{"line":5,"column":4},"end":{"line":14,"column":null}},"type":"if","locations":[{"start":{"line":5,"column":4},"end":{"line":14,"column":null}}]}},"s":{"0":1,"1":8,"2":8,"3":8,"4":3,"5":3,"6":3,"7":3,"8":3,"9":3,"10":5,"11":1,"12":1,"13":6,"14":6,"15":10,"16":6,"17":6,"18":10,"19":6,"20":1,"21":10,"22":10,"23":11,"24":10,"25":10,"26":1,"27":10,"28":1,"29":11,"30":11,"31":12,"32":11,"33":11,"34":1,"35":11,"36":1,"37":12,"38":12,"39":15,"40":12,"41":12,"42":15,"43":12,"44":1,"45":6,"46":6,"47":6,"48":1},"f":{"0":8,"1":6,"2":10,"3":10,"4":10,"5":11,"6":1,"7":11,"8":12,"9":1,"10":12,"11":15,"12":15,"13":6},"b":{"0":[3]}}
}
