TN:
SF:src\utils\calculations.ts
FN:1,(anonymous_0)
FN:19,(anonymous_1)
FN:21,(anonymous_2)
FN:23,(anonymous_3)
FN:28,(anonymous_4)
FN:30,(anonymous_5)
FN:32,(anonymous_6)
FN:37,(anonymous_7)
FN:39,(anonymous_8)
FN:41,(anonymous_9)
FN:46,(anonymous_10)
FN:48,(anonymous_11)
FN:50,(anonymous_12)
FN:54,(anonymous_13)
FNF:14
FNH:14
FNDA:8,(anonymous_0)
FNDA:6,(anonymous_1)
FNDA:10,(anonymous_2)
FNDA:10,(anonymous_3)
FNDA:10,(anonymous_4)
FNDA:11,(anonymous_5)
FNDA:1,(anonymous_6)
FNDA:11,(anonymous_7)
FNDA:12,(anonymous_8)
FNDA:1,(anonymous_9)
FNDA:12,(anonymous_10)
FNDA:15,(anonymous_11)
FNDA:15,(anonymous_12)
FNDA:6,(anonymous_13)
DA:1,1
DA:3,8
DA:4,8
DA:5,8
DA:6,3
DA:7,3
DA:9,3
DA:11,3
DA:13,3
DA:15,5
DA:19,1
DA:20,6
DA:21,10
DA:22,6
DA:23,10
DA:24,6
DA:28,1
DA:29,10
DA:30,11
DA:31,10
DA:32,10
DA:33,10
DA:37,1
DA:38,11
DA:39,12
DA:40,11
DA:41,11
DA:42,11
DA:46,1
DA:47,12
DA:48,15
DA:49,12
DA:50,15
DA:51,12
DA:54,1
DA:55,6
DA:56,6
DA:57,6
LF:38
LH:38
BRDA:5,0,0,3
BRF:1
BRH:1
end_of_record
